# JRE version: OpenJDK Runtime Environment (11.0.13) (build 11.0.13+0-b1751.21-8125866)
# Java VM: OpenJDK 64-Bit Server VM (11.0.13+0-b1751.21-8125866, mixed mode, tiered, compressed oops, g1 gc, windows-amd64)
Heap:
 garbage-first heap   total 131072K, used 64543K [0x0000000080000000, 0x0000000100000000)
  region size 1024K, 33 young (33792K), 4 survivors (4096K)
 Metaspace       used 28522K, capacity 29356K, committed 29564K, reserved 1075200K
  class space    used 3716K, capacity 3988K, committed 4044K, reserved 1048576K
GC Heap History (10 events):
Event: 2.057 GC heap before
{Heap before GC invocations=0 (full 0):
 garbage-first heap   total 131072K, used 16384K [0x0000000080000000, 0x0000000100000000)
  region size 1024K, 14 young (14336K), 0 survivors (0K)
 Metaspace       used 6817K, capacity 7001K, committed 7168K, reserved 1056768K
  class space    used 576K, capacity 650K, committed 768K, reserved 1048576K
}
Event: 2.100 GC heap after
{Heap after GC invocations=1 (full 0):
 garbage-first heap   total 131072K, used 4020K [0x0000000080000000, 0x0000000100000000)
  region size 1024K, 2 young (2048K), 2 survivors (2048K)
 Metaspace       used 6817K, capacity 7001K, committed 7168K, reserved 1056768K
  class space    used 576K, capacity 650K, committed 768K, reserved 1048576K
}
Event: 7.901 GC heap before
{Heap before GC invocations=1 (full 0):
 garbage-first heap   total 131072K, used 82868K [0x0000000080000000, 0x0000000100000000)
  region size 1024K, 76 young (77824K), 2 survivors (2048K)
 Metaspace       used 16358K, capacity 16749K, committed 16896K, reserved 1064960K
  class space    used 1845K, capacity 1967K, committed 2048K, reserved 1048576K
}
Event: 7.969 GC heap after
{Heap after GC invocations=2 (full 0):
 garbage-first heap   total 131072K, used 15787K [0x0000000080000000, 0x0000000100000000)
  region size 1024K, 10 young (10240K), 10 survivors (10240K)
 Metaspace       used 16358K, capacity 16749K, committed 16896K, reserved 1064960K
  class space    used 1845K, capacity 1967K, committed 2048K, reserved 1048576K
}
Event: 8.537 GC heap before
{Heap before GC invocations=2 (full 0):
 garbage-first heap   total 131072K, used 28075K [0x0000000080000000, 0x0000000100000000)
  region size 1024K, 22 young (22528K), 10 survivors (10240K)
 Metaspace       used 18134K, capacity 18610K, committed 18688K, reserved 1064960K
  class space    used 2110K, capacity 2260K, committed 2304K, reserved 1048576K
}
Event: 8.556 GC heap after
{Heap after GC invocations=3 (full 0):
 garbage-first heap   total 131072K, used 16753K [0x0000000080000000, 0x0000000100000000)
  region size 1024K, 2 young (2048K), 2 survivors (2048K)
 Metaspace       used 18134K, capacity 18610K, committed 18688K, reserved 1064960K
  class space    used 2110K, capacity 2260K, committed 2304K, reserved 1048576K
}
Event: 9.562 GC heap before
{Heap before GC invocations=3 (full 0):
 garbage-first heap   total 131072K, used 39281K [0x0000000080000000, 0x0000000100000000)
  region size 1024K, 25 young (25600K), 2 survivors (2048K)
 Metaspace       used 20693K, capacity 21163K, committed 21296K, reserved 1069056K
  class space    used 2504K, capacity 2664K, committed 2688K, reserved 1048576K
}
Event: 9.569 GC heap after
{Heap after GC invocations=4 (full 0):
 garbage-first heap   total 131072K, used 17156K [0x0000000080000000, 0x0000000100000000)
  region size 1024K, 2 young (2048K), 2 survivors (2048K)
 Metaspace       used 20693K, capacity 21163K, committed 21296K, reserved 1069056K
  class space    used 2504K, capacity 2664K, committed 2688K, reserved 1048576K
}
Event: 12.402 GC heap before
{Heap before GC invocations=5 (full 0):
 garbage-first heap   total 131072K, used 70404K [0x0000000080000000, 0x0000000100000000)
  region size 1024K, 54 young (55296K), 2 survivors (2048K)
 Metaspace       used 26510K, capacity 27176K, committed 27516K, reserved 1073152K
  class space    used 3429K, capacity 3675K, committed 3788K, reserved 1048576K
}
Event: 12.414 GC heap after
{Heap after GC invocations=6 (full 0):
 garbage-first heap   total 131072K, used 19487K [0x0000000080000000, 0x0000000100000000)
  region size 1024K, 4 young (4096K), 4 survivors (4096K)
 Metaspace       used 26510K, capacity 27176K, committed 27516K, reserved 1073152K
  class space    used 3429K, capacity 3675K, committed 3788K, reserved 1048576K
}

